Arguments: 
  /usr/bin/node /usr/bin/yarn

PATH: 
  /home/fanna/.local/bin:/usr/local/sbin:/usr/local/bin:/usr/bin:/usr/bin/site_perl:/usr/bin/vendor_perl:/usr/bin/core_perl:/var/lib/snapd/snap/bin

Yarn version: 
  1.22.4

Node version: 
  14.5.0

Platform: 
  linux x64

Trace: 
  Error: EISDIR: illegal operation on a directory, read

npm manifest: 
  {
    "name": "handvue3",
    "version": "0.0.0",
    "scripts": {
      "dev": "vite",
      "build": "vite build"
    },
    "dependencies": {
      "tailwindcss": "^1.6.2",
      "vue": "^3.0.0-rc.1"
    },
    "devDependencies": {
      "vite": "^1.0.0-rc.1",
      "@vue/compiler-sfc": "^3.0.0-rc.1"
    }
  }

yarn manifest: 
  No manifest

Lockfile: 
  No lockfile
